{"/home/bushra/basic-express-server/src/server.js": {"path":"/home/bushra/basic-express-server/src/server.js","statementMap":{"0":{"start":{"line":4,"column":16},"end":{"line":4,"column":34}},"1":{"start":{"line":6,"column":12},"end":{"line":6,"column":21}},"2":{"start":{"line":7,"column":13},"end":{"line":7,"column":28}},"3":{"start":{"line":8,"column":15},"end":{"line":8,"column":48}},"4":{"start":{"line":9,"column":18},"end":{"line":9,"column":55}},"5":{"start":{"line":10,"column":15},"end":{"line":10,"column":49}},"6":{"start":{"line":11,"column":15},"end":{"line":11,"column":49}},"7":{"start":{"line":13,"column":0},"end":{"line":13,"column":16}},"8":{"start":{"line":14,"column":0},"end":{"line":14,"column":16}},"9":{"start":{"line":19,"column":0},"end":{"line":27,"column":5}},"10":{"start":{"line":21,"column":4},"end":{"line":24,"column":6}},"11":{"start":{"line":48,"column":3},"end":{"line":48,"column":19}},"12":{"start":{"line":49,"column":3},"end":{"line":49,"column":23}},"13":{"start":{"line":51,"column":4},"end":{"line":53,"column":6}},"14":{"start":{"line":52,"column":0},"end":{"line":52,"column":38}},"15":{"start":{"line":57,"column":0},"end":{"line":60,"column":5}}},"fnMap":{"0":{"name":"(anonymous_0)","decl":{"start":{"line":19,"column":28},"end":{"line":19,"column":29}},"loc":{"start":{"line":19,"column":44},"end":{"line":27,"column":4}},"line":19},"1":{"name":"start","decl":{"start":{"line":50,"column":9},"end":{"line":50,"column":14}},"loc":{"start":{"line":50,"column":20},"end":{"line":54,"column":1}},"line":50},"2":{"name":"(anonymous_2)","decl":{"start":{"line":51,"column":21},"end":{"line":51,"column":22}},"loc":{"start":{"line":51,"column":25},"end":{"line":53,"column":5}},"line":51}},"branchMap":{},"s":{"0":1,"1":1,"2":1,"3":1,"4":1,"5":1,"6":1,"7":1,"8":1,"9":1,"10":2,"11":1,"12":1,"13":0,"14":0,"15":1},"f":{"0":2,"1":0,"2":0},"b":{},"_coverageSchema":"1a1c01bbd47fc00a2c39e90264f33305004495a9","hash":"19e154a6c4d231fa0a08b5d2ce9dd750c1e44e6f"}
,"/home/bushra/basic-express-server/src/error-handlers/404.js": {"path":"/home/bushra/basic-express-server/src/error-handlers/404.js","statementMap":{"0":{"start":{"line":3,"column":0},"end":{"line":9,"column":1}},"1":{"start":{"line":5,"column":4},"end":{"line":8,"column":6}}},"fnMap":{"0":{"name":"(anonymous_0)","decl":{"start":{"line":3,"column":17},"end":{"line":3,"column":18}},"loc":{"start":{"line":3,"column":34},"end":{"line":9,"column":1}},"line":3}},"branchMap":{},"s":{"0":1,"1":0},"f":{"0":0},"b":{},"_coverageSchema":"1a1c01bbd47fc00a2c39e90264f33305004495a9","hash":"2a7c6a384306971cef1e5f65dd8eca02ec8a8e99"}
,"/home/bushra/basic-express-server/src/error-handlers/500.js": {"path":"/home/bushra/basic-express-server/src/error-handlers/500.js","statementMap":{"0":{"start":{"line":3,"column":0},"end":{"line":9,"column":1}},"1":{"start":{"line":5,"column":4},"end":{"line":8,"column":6}}},"fnMap":{"0":{"name":"(anonymous_0)","decl":{"start":{"line":3,"column":17},"end":{"line":3,"column":18}},"loc":{"start":{"line":3,"column":43},"end":{"line":9,"column":1}},"line":3}},"branchMap":{},"s":{"0":1,"1":2},"f":{"0":2},"b":{},"_coverageSchema":"1a1c01bbd47fc00a2c39e90264f33305004495a9","hash":"2b29203fb1ce4d64be320cc134d704be1776a3bc"}
,"/home/bushra/basic-express-server/src/middleware/ validator.js": {"path":"/home/bushra/basic-express-server/src/middleware/ validator.js","statementMap":{"0":{"start":{"line":4,"column":19},"end":{"line":13,"column":1}},"1":{"start":{"line":5,"column":11},"end":{"line":5,"column":25}},"2":{"start":{"line":6,"column":0},"end":{"line":11,"column":1}},"3":{"start":{"line":7,"column":4},"end":{"line":7,"column":32}},"4":{"start":{"line":10,"column":2},"end":{"line":10,"column":9}},"5":{"start":{"line":15,"column":0},"end":{"line":15,"column":27}}},"fnMap":{"0":{"name":"(anonymous_0)","decl":{"start":{"line":4,"column":19},"end":{"line":4,"column":20}},"loc":{"start":{"line":4,"column":36},"end":{"line":13,"column":1}},"line":4}},"branchMap":{"0":{"loc":{"start":{"line":6,"column":0},"end":{"line":11,"column":1}},"type":"if","locations":[{"start":{"line":6,"column":0},"end":{"line":11,"column":1}},{"start":{"line":9,"column":4},"end":{"line":11,"column":1}}],"line":6}},"s":{"0":1,"1":4,"2":4,"3":2,"4":2,"5":1},"f":{"0":4},"b":{"0":[2,2]},"_coverageSchema":"1a1c01bbd47fc00a2c39e90264f33305004495a9","hash":"d7549aa9a1e735c23699c5ae5172c8a228582ed9"}
,"/home/bushra/basic-express-server/src/middleware/logger.js": {"path":"/home/bushra/basic-express-server/src/middleware/logger.js","statementMap":{"0":{"start":{"line":3,"column":15},"end":{"line":9,"column":1}},"1":{"start":{"line":4,"column":4},"end":{"line":4,"column":30}},"2":{"start":{"line":5,"column":4},"end":{"line":5,"column":28}},"3":{"start":{"line":6,"column":0},"end":{"line":6,"column":52}},"4":{"start":{"line":7,"column":0},"end":{"line":7,"column":7}},"5":{"start":{"line":11,"column":0},"end":{"line":11,"column":24}}},"fnMap":{"0":{"name":"(anonymous_0)","decl":{"start":{"line":3,"column":15},"end":{"line":3,"column":16}},"loc":{"start":{"line":3,"column":31},"end":{"line":9,"column":1}},"line":3}},"branchMap":{},"s":{"0":1,"1":4,"2":4,"3":4,"4":4,"5":1},"f":{"0":4},"b":{},"_coverageSchema":"1a1c01bbd47fc00a2c39e90264f33305004495a9","hash":"c00cc4cbf07a2265b5a4b1ee78173083145cc39b"}
}
